<?xml version="1.0" encoding="UTF-8"?>
<Site BuildName="(empty)"
	BuildStamp="20240716-0858-Experimental"
	Name="oxo"
	Generator="ctest-3.16.3"
	CompilerName="/usr/bin/c++"
	CompilerVersion="9.4.0"
	OSName="Linux"
	Hostname="oxo"
	OSRelease="5.15.0-113-generic"
	OSVersion="#123~20.04.1-Ubuntu SMP Wed Jun 12 17:33:13 UTC 2024"
	OSPlatform="x86_64"
	Is64Bits="1"
	VendorString="GenuineIntel"
	VendorID="Intel Corporation"
	FamilyID="6"
	ModelID="183"
	ProcessorCacheSize="36864"
	NumberOfLogicalCPU="32"
	NumberOfPhysicalCPU="24"
	TotalVirtualMemory="2047"
	TotalPhysicalMemory="64100"
	LogicalProcessorsPerPhysical="1"
	ProcessorClockFrequency="4072.31"
	>
	<Testing>
		<StartDateTime>Jul 16 13:01 CEST</StartDateTime>
		<StartTestTime>1721127666</StartTestTime>
		<TestList/>
		<EndDateTime>Jul 16 13:01 CEST</EndDateTime>
		<EndTestTime>1721127666</EndTestTime>
		<ElapsedMinutes>0</ElapsedMinutes>
	</Testing>
</Site>
